<?xml version="1.0" encoding="UTF-8"?>
<testsuite name="week1101.Week01Test" tests="1" skipped="0" failures="0" errors="0" timestamp="2019-12-29T06:52:56" hostname="msi-notebook" time="0.01">
  <properties/>
  <testcase name="solveMeFirstTest" classname="week1101.Week01Test" time="0.01"/>
  <system-out><![CDATA[]]></system-out>
  <system-err><![CDATA[]]></system-err>
</testsuite>
