<?xml version="1.0" encoding="UTF-8"?>
<testsuite name="week1101.Week01Test" tests="1" skipped="0" failures="0" errors="0" timestamp="2020-01-01T09:17:07" hostname="msi-notebook" time="0.012">
  <properties/>
  <testcase name="roundConversion" classname="week1101.Week01Test" time="0.012"/>
  <system-out><![CDATA[]]></system-out>
  <system-err><![CDATA[]]></system-err>
</testsuite>
