<?xml version="1.0" encoding="UTF-8"?>
<testsuite name="week1101.Week01Test" tests="1" skipped="0" failures="0" errors="0" timestamp="2019-12-27T08:56:42" hostname="AE191005-PC" time="0.006">
  <properties/>
  <testcase name="solveMeFirstTest" classname="week1101.Week01Test" time="0.006"/>
  <system-out><![CDATA[]]></system-out>
  <system-err><![CDATA[]]></system-err>
</testsuite>
